Build started 2017/2/16 20:58:40.
     1>Project "C:\MyCodes\DCVL\build\win\worker\worker\worker.vcxproj" on node 2 (Build target(s)).
     1>ClCompile:
         C:\Program Files (x86)\Microsoft Visual Studio 12.0\VC\bin\CL.exe /c /IC:\MyCodes\DCVL\include /Zi /nologo /W3 /WX- /sdl /O2 /Oi /Oy- /GL /D WIN32 /D NDEBUG /D _CONSOLE /D _LIB /D _UNICODE /D UNICODE /Gm- /EHsc /MD /GS /Gy /fp:precise /Zc:wchar_t /Zc:forScope /Fo"Release\\" /Fd"Release\vc120.pdb" /Gd /TP /analyze- /errorReport:prompt ..\..\..\..\src\dcvl\base\Constants.cpp ..\..\..\..\src\dcvl\tool\StartWorker.cpp ..\..\..\..\src\dcvl\util\NetConnector.cpp ..\..\..\..\src\dcvl\util\NetListener.cpp
         Constants.cpp
         StartWorker.cpp
         NetConnector.cpp
         NetListener.cpp
       Link:
         C:\Program Files (x86)\Microsoft Visual Studio 12.0\VC\bin\link.exe /ERRORREPORT:PROMPT /OUT:"C:\MyCodes\DCVL\build\win\worker\Release\worker.exe" /INCREMENTAL:NO /NOLOGO kernel32.lib user32.lib gdi32.lib winspool.lib comdlg32.lib advapi32.lib shell32.lib ole32.lib oleaut32.lib uuid.lib odbc32.lib odbccp32.lib /MANIFEST /MANIFESTUAC:"level='asInvoker' uiAccess='false'" /manifest:embed /DEBUG /PDB:"C:\MyCodes\DCVL\build\win\worker\Release\worker.pdb" /SUBSYSTEM:CONSOLE /OPT:REF /OPT:ICF /LTCG /TLBID:1 /DYNAMICBASE /NXCOMPAT /IMPLIB:"C:\MyCodes\DCVL\build\win\worker\Release\worker.lib" /MACHINE:X86 /SAFESEH Release\Constants.obj
         Release\DataPackage.obj
         Release\Library.obj
         Release\Values.obj
         Release\BoltDeclarer.obj
         Release\OutputCollector.obj
         Release\OutputDispatcher.obj
         Release\Command.obj
         Release\CommandClient.obj
         Release\CommandServer.obj
         Release\Master.obj
         Release\Worker.obj
         Release\WorkerContext.obj
         Release\SpoutDeclarer.obj
         Release\BoltExecutor.obj
         Release\Executor.obj
         Release\PathInfo.obj
         Release\SpoutExecutor.obj
         Release\TaskDeclarer.obj
         Release\TaskInfo.obj
         Release\StartWorker.obj
         Release\Topology.obj
         Release\TopologyLoader.obj
         Release\Configuration.obj
         Release\NetConnector.obj
         Release\NetListener.obj
         Release\Socket.obj
         Release\StringUtil.obj
         Generating code
         Finished generating code
         worker.vcxproj -> C:\MyCodes\DCVL\build\win\worker\Release\worker.exe
     1>Done Building Project "C:\MyCodes\DCVL\build\win\worker\worker\worker.vcxproj" (Build target(s)).

Build succeeded.

Time Elapsed 00:00:10.44
